This is pdfTeXk, Version 3.141592-1.40.3 (Web2C 7.5.6) (format=pdflatex 2010.1.4)  29 APR 2010 03:16
entering extended mode
 %&-line parsing enabled.
**rapport.tex
(./rapport.tex
LaTeX2e <2005/12/01>
Babel <v3.8h> and hyphenation patterns for english, usenglishmax, dumylang, noh
yphenation, basque, french, loaded.
(/usr/share/texmf-texlive/tex/latex/base/article.cls
Document Class: article 2005/09/16 v1.4f Standard LaTeX document class
(/usr/share/texmf-texlive/tex/latex/base/size12.clo
File: size12.clo 2005/09/16 v1.4f Standard LaTeX file (size option)
)
\c@part=\count79
\c@section=\count80
\c@subsection=\count81
\c@subsubsection=\count82
\c@paragraph=\count83
\c@subparagraph=\count84
\c@figure=\count85
\c@table=\count86
\abovecaptionskip=\skip41
\belowcaptionskip=\skip42
\bibindent=\dimen102
)
(/usr/share/texmf-texlive/tex/generic/babel/babel.sty
Package: babel 2005/11/23 v3.8h The Babel package

(/usr/share/texmf-texlive/tex/generic/babel/frenchb.ldf
Language: french 2005/02/06 v1.6g French support from the babel system

(/usr/share/texmf-texlive/tex/generic/babel/babel.def
File: babel.def 2005/11/23 v3.8h Babel common definitions
\babel@savecnt=\count87
\U@D=\dimen103
)
Package babel Info: Making : an active character on input line 219.
Package babel Info: Making ; an active character on input line 220.
Package babel Info: Making ! an active character on input line 221.
Package babel Info: Making ? an active character on input line 222.
LaTeX Font Info:    Redeclaring font encoding T1 on input line 299.
\parindentFFN=\dimen104
\std@mcc=\count88
\dec@mcc=\count89

*************************************
* Local config file frenchb.cfg used
*
(/usr/share/texmf-texlive/tex/generic/babel/frenchb.cfg)))
(/usr/share/texmf-texlive/tex/latex/base/inputenc.sty
Package: inputenc 2006/05/05 v1.1b Input encoding file
\inpenc@prehook=\toks14
\inpenc@posthook=\toks15

(/usr/share/texmf-texlive/tex/latex/base/utf8.def
File: utf8.def 2006/03/30 v1.1i UTF-8 support for inputenc
Now handling font encoding OML ...
... no UTF-8 mapping file for font encoding OML
Now handling font encoding T1 ...
... processing UTF-8 mapping file for font encodingT1

(/usr/share/texmf-texlive/tex/latex/base/t1enc.dfu
File: t1enc.dfu 2006/03/30 v1.1i UTF-8 support for inputenc
   defining Unicode char U+00A1 (decimal 161)
   defining Unicode char U+00A3 (decimal 163)
   defining Unicode char U+00AB (decimal 171)
   defining Unicode char U+00BB (decimal 187)
   defining Unicode char U+00BF (decimal 191)
   defining Unicode char U+00C0 (decimal 192)
   defining Unicode char U+00C1 (decimal 193)
   defining Unicode char U+00C2 (decimal 194)
   defining Unicode char U+00C3 (decimal 195)
   defining Unicode char U+00C4 (decimal 196)
   defining Unicode char U+00C5 (decimal 197)
   defining Unicode char U+00C6 (decimal 198)
   defining Unicode char U+00C7 (decimal 199)
   defining Unicode char U+00C8 (decimal 200)
   defining Unicode char U+00C9 (decimal 201)
   defining Unicode char U+00CA (decimal 202)
   defining Unicode char U+00CB (decimal 203)
   defining Unicode char U+00CC (decimal 204)
   defining Unicode char U+00CD (decimal 205)
   defining Unicode char U+00CE (decimal 206)
   defining Unicode char U+00CF (decimal 207)
   defining Unicode char U+00D0 (decimal 208)
   defining Unicode char U+00D1 (decimal 209)
   defining Unicode char U+00D2 (decimal 210)
   defining Unicode char U+00D3 (decimal 211)
   defining Unicode char U+00D4 (decimal 212)
   defining Unicode char U+00D5 (decimal 213)
   defining Unicode char U+00D6 (decimal 214)
   defining Unicode char U+00D8 (decimal 216)
   defining Unicode char U+00D9 (decimal 217)
   defining Unicode char U+00DA (decimal 218)
   defining Unicode char U+00DB (decimal 219)
   defining Unicode char U+00DC (decimal 220)
   defining Unicode char U+00DD (decimal 221)
   defining Unicode char U+00DE (decimal 222)
   defining Unicode char U+00DF (decimal 223)
   defining Unicode char U+00E0 (decimal 224)
   defining Unicode char U+00E1 (decimal 225)
   defining Unicode char U+00E2 (decimal 226)
   defining Unicode char U+00E3 (decimal 227)
   defining Unicode char U+00E4 (decimal 228)
   defining Unicode char U+00E5 (decimal 229)
   defining Unicode char U+00E6 (decimal 230)
   defining Unicode char U+00E7 (decimal 231)
   defining Unicode char U+00E8 (decimal 232)
   defining Unicode char U+00E9 (decimal 233)
   defining Unicode char U+00EA (decimal 234)
   defining Unicode char U+00EB (decimal 235)
   defining Unicode char U+00EC (decimal 236)
   defining Unicode char U+00ED (decimal 237)
   defining Unicode char U+00EE (decimal 238)
   defining Unicode char U+00EF (decimal 239)
   defining Unicode char U+00F0 (decimal 240)
   defining Unicode char U+00F1 (decimal 241)
   defining Unicode char U+00F2 (decimal 242)
   defining Unicode char U+00F3 (decimal 243)
   defining Unicode char U+00F4 (decimal 244)
   defining Unicode char U+00F5 (decimal 245)
   defining Unicode char U+00F6 (decimal 246)
   defining Unicode char U+00F8 (decimal 248)
   defining Unicode char U+00F9 (decimal 249)
   defining Unicode char U+00FA (decimal 250)
   defining Unicode char U+00FB (decimal 251)
   defining Unicode char U+00FC (decimal 252)
   defining Unicode char U+00FD (decimal 253)
   defining Unicode char U+00FE (decimal 254)
   defining Unicode char U+00FF (decimal 255)
   defining Unicode char U+0102 (decimal 258)
   defining Unicode char U+0103 (decimal 259)
   defining Unicode char U+0104 (decimal 260)
   defining Unicode char U+0105 (decimal 261)
   defining Unicode char U+0106 (decimal 262)
   defining Unicode char U+0107 (decimal 263)
   defining Unicode char U+010C (decimal 268)
   defining Unicode char U+010D (decimal 269)
   defining Unicode char U+010E (decimal 270)
   defining Unicode char U+010F (decimal 271)
   defining Unicode char U+0110 (decimal 272)
   defining Unicode char U+0111 (decimal 273)
   defining Unicode char U+0118 (decimal 280)
   defining Unicode char U+0119 (decimal 281)
   defining Unicode char U+011A (decimal 282)
   defining Unicode char U+011B (decimal 283)
   defining Unicode char U+011E (decimal 286)
   defining Unicode char U+011F (decimal 287)
   defining Unicode char U+0130 (decimal 304)
   defining Unicode char U+0131 (decimal 305)
   defining Unicode char U+0132 (decimal 306)
   defining Unicode char U+0133 (decimal 307)
   defining Unicode char U+0139 (decimal 313)
   defining Unicode char U+013A (decimal 314)
   defining Unicode char U+013D (decimal 317)
   defining Unicode char U+013E (decimal 318)
   defining Unicode char U+0141 (decimal 321)
   defining Unicode char U+0142 (decimal 322)
   defining Unicode char U+0143 (decimal 323)
   defining Unicode char U+0144 (decimal 324)
   defining Unicode char U+0147 (decimal 327)
   defining Unicode char U+0148 (decimal 328)
   defining Unicode char U+014A (decimal 330)
   defining Unicode char U+014B (decimal 331)
   defining Unicode char U+0150 (decimal 336)
   defining Unicode char U+0151 (decimal 337)
   defining Unicode char U+0152 (decimal 338)
   defining Unicode char U+0153 (decimal 339)
   defining Unicode char U+0154 (decimal 340)
   defining Unicode char U+0155 (decimal 341)
   defining Unicode char U+0158 (decimal 344)
   defining Unicode char U+0159 (decimal 345)
   defining Unicode char U+015A (decimal 346)
   defining Unicode char U+015B (decimal 347)
   defining Unicode char U+015E (decimal 350)
   defining Unicode char U+015F (decimal 351)
   defining Unicode char U+0160 (decimal 352)
   defining Unicode char U+0161 (decimal 353)
   defining Unicode char U+0162 (decimal 354)
   defining Unicode char U+0163 (decimal 355)
   defining Unicode char U+0164 (decimal 356)
   defining Unicode char U+0165 (decimal 357)
   defining Unicode char U+016E (decimal 366)
   defining Unicode char U+016F (decimal 367)
   defining Unicode char U+0170 (decimal 368)
   defining Unicode char U+0171 (decimal 369)
   defining Unicode char U+0178 (decimal 376)
   defining Unicode char U+0179 (decimal 377)
   defining Unicode char U+017A (decimal 378)
   defining Unicode char U+017B (decimal 379)
   defining Unicode char U+017C (decimal 380)
   defining Unicode char U+017D (decimal 381)
   defining Unicode char U+017E (decimal 382)
   defining Unicode char U+200C (decimal 8204)
   defining Unicode char U+2013 (decimal 8211)
   defining Unicode char U+2014 (decimal 8212)
   defining Unicode char U+2018 (decimal 8216)
   defining Unicode char U+2019 (decimal 8217)
   defining Unicode char U+201A (decimal 8218)
   defining Unicode char U+201C (decimal 8220)
   defining Unicode char U+201D (decimal 8221)
   defining Unicode char U+201E (decimal 8222)
   defining Unicode char U+2030 (decimal 8240)
   defining Unicode char U+2031 (decimal 8241)
   defining Unicode char U+2039 (decimal 8249)
   defining Unicode char U+203A (decimal 8250)
   defining Unicode char U+2423 (decimal 9251)
)
Now handling font encoding OT1 ...
... processing UTF-8 mapping file for font encodingOT1

(/usr/share/texmf-texlive/tex/latex/base/ot1enc.dfu
File: ot1enc.dfu 2006/03/30 v1.1i UTF-8 support for inputenc
   defining Unicode char U+00A1 (decimal 161)
   defining Unicode char U+00A3 (decimal 163)
   defining Unicode char U+00B8 (decimal 184)
   defining Unicode char U+00BF (decimal 191)
   defining Unicode char U+00C5 (decimal 197)
   defining Unicode char U+00C6 (decimal 198)
   defining Unicode char U+00D8 (decimal 216)
   defining Unicode char U+00DF (decimal 223)
   defining Unicode char U+00E6 (decimal 230)
   defining Unicode char U+00EC (decimal 236)
   defining Unicode char U+00ED (decimal 237)
   defining Unicode char U+00EE (decimal 238)
   defining Unicode char U+00EF (decimal 239)
   defining Unicode char U+00F8 (decimal 248)
   defining Unicode char U+0131 (decimal 305)
   defining Unicode char U+0141 (decimal 321)
   defining Unicode char U+0142 (decimal 322)
   defining Unicode char U+0152 (decimal 338)
   defining Unicode char U+0153 (decimal 339)
   defining Unicode char U+2013 (decimal 8211)
   defining Unicode char U+2014 (decimal 8212)
   defining Unicode char U+2018 (decimal 8216)
   defining Unicode char U+2019 (decimal 8217)
   defining Unicode char U+201C (decimal 8220)
   defining Unicode char U+201D (decimal 8221)
)
Now handling font encoding OMS ...
... processing UTF-8 mapping file for font encodingOMS

(/usr/share/texmf-texlive/tex/latex/base/omsenc.dfu
File: omsenc.dfu 2006/03/30 v1.1i UTF-8 support for inputenc
   defining Unicode char U+00A7 (decimal 167)
   defining Unicode char U+00B6 (decimal 182)
   defining Unicode char U+00B7 (decimal 183)
   defining Unicode char U+2020 (decimal 8224)
   defining Unicode char U+2021 (decimal 8225)
   defining Unicode char U+2022 (decimal 8226)
)
Now handling font encoding OMX ...
... no UTF-8 mapping file for font encoding OMX
Now handling font encoding U ...
... no UTF-8 mapping file for font encoding U
   defining Unicode char U+00A9 (decimal 169)
   defining Unicode char U+00AA (decimal 170)
   defining Unicode char U+00AE (decimal 174)
   defining Unicode char U+00BA (decimal 186)
   defining Unicode char U+02C6 (decimal 710)
   defining Unicode char U+02DC (decimal 732)
   defining Unicode char U+200C (decimal 8204)
   defining Unicode char U+2026 (decimal 8230)
   defining Unicode char U+2122 (decimal 8482)
   defining Unicode char U+2423 (decimal 9251)
))
(/usr/share/texmf-texlive/tex/latex/base/fontenc.sty
Package: fontenc 2005/09/27 v1.99g Standard LaTeX package

(/usr/share/texmf-texlive/tex/latex/base/t1enc.def
File: t1enc.def 2005/09/27 v1.99g Standard LaTeX file
LaTeX Font Info:    Redeclaring font encoding T1 on input line 43.
))
(/usr/share/texmf-texlive/tex/latex/amsfonts/amssymb.sty
Package: amssymb 2002/01/22 v2.2d

(/usr/share/texmf-texlive/tex/latex/amsfonts/amsfonts.sty
Package: amsfonts 2001/10/25 v2.2f
\@emptytoks=\toks16
\symAMSa=\mathgroup4
\symAMSb=\mathgroup5
LaTeX Font Info:    Overwriting math alphabet `\mathfrak' in version `bold'
(Font)                  U/euf/m/n --> U/euf/b/n on input line 132.
))
(/usr/share/texmf-texlive/tex/latex/amsmath/amsmath.sty
Package: amsmath 2000/07/18 v2.13 AMS math features
\@mathmargin=\skip43

For additional information on amsmath, use the `?' option.
(/usr/share/texmf-texlive/tex/latex/amsmath/amstext.sty
Package: amstext 2000/06/29 v2.01

(/usr/share/texmf-texlive/tex/latex/amsmath/amsgen.sty
File: amsgen.sty 1999/11/30 v2.0
\@emptytoks=\toks17
\ex@=\dimen105
))
(/usr/share/texmf-texlive/tex/latex/amsmath/amsbsy.sty
Package: amsbsy 1999/11/29 v1.2d
\pmbraise@=\dimen106
)
(/usr/share/texmf-texlive/tex/latex/amsmath/amsopn.sty
Package: amsopn 1999/12/14 v2.01 operator names
)
\inf@bad=\count90
LaTeX Info: Redefining \frac on input line 211.
\uproot@=\count91
\leftroot@=\count92
LaTeX Info: Redefining \overline on input line 307.
\classnum@=\count93
\DOTSCASE@=\count94
LaTeX Info: Redefining \ldots on input line 379.
LaTeX Info: Redefining \dots on input line 382.
LaTeX Info: Redefining \cdots on input line 467.
\Mathstrutbox@=\box26
\strutbox@=\box27
\big@size=\dimen107
LaTeX Font Info:    Redeclaring font encoding OML on input line 567.
LaTeX Font Info:    Redeclaring font encoding OMS on input line 568.
\macc@depth=\count95
\c@MaxMatrixCols=\count96
\dotsspace@=\muskip10
\c@parentequation=\count97
\dspbrk@lvl=\count98
\tag@help=\toks18
\row@=\count99
\column@=\count100
\maxfields@=\count101
\andhelp@=\toks19
\eqnshift@=\dimen108
\alignsep@=\dimen109
\tagshift@=\dimen110
\tagwidth@=\dimen111
\totwidth@=\dimen112
\lineht@=\dimen113
\@envbody=\toks20
\multlinegap=\skip44
\multlinetaggap=\skip45
\mathdisplay@stack=\toks21
LaTeX Info: Redefining \[ on input line 2666.
LaTeX Info: Redefining \] on input line 2667.
)
(/usr/share/texmf-texlive/tex/latex/graphics/graphicx.sty
Package: graphicx 1999/02/16 v1.0f Enhanced LaTeX Graphics (DPC,SPQR)

(/usr/share/texmf-texlive/tex/latex/graphics/keyval.sty
Package: keyval 1999/03/16 v1.13 key=value parser (DPC)
\KV@toks@=\toks22
)
(/usr/share/texmf-texlive/tex/latex/graphics/graphics.sty
Package: graphics 2006/02/20 v1.0o Standard LaTeX Graphics (DPC,SPQR)

(/usr/share/texmf-texlive/tex/latex/graphics/trig.sty
Package: trig 1999/03/16 v1.09 sin cos tan (DPC)
)
(/etc/texmf/tex/latex/config/graphics.cfg
File: graphics.cfg 2007/01/18 v1.5 graphics configuration of teTeX/TeXLive
)
Package graphics Info: Driver file: pdftex.def on input line 90.

(/usr/share/texmf-texlive/tex/latex/pdftex-def/pdftex.def
File: pdftex.def 2007/01/08 v0.04d Graphics/color for pdfTeX
\Gread@gobject=\count102
))
\Gin@req@height=\dimen114
\Gin@req@width=\dimen115
)
(/usr/share/texmf-texlive/tex/latex/titlesec/titlesec.sty
Package: titlesec 2005/01/22 v2.6 Sectioning titles
\ttl@box=\box28
\beforetitleunit=\skip46
\aftertitleunit=\skip47
\ttl@plus=\dimen116
\ttl@minus=\dimen117
\titlewidth=\dimen118
\titlewidthlast=\dimen119
\titlewidthfirst=\dimen120
)
(/usr/share/texmf-texlive/tex/latex/geometry/geometry.sty
Package: geometry 2002/07/08 v3.2 Page Geometry
\Gm@cnth=\count103
\Gm@cntv=\count104
\c@Gm@tempcnt=\count105
\Gm@bindingoffset=\dimen121
\Gm@wd@mp=\dimen122
\Gm@odd@mp=\dimen123
\Gm@even@mp=\dimen124
\Gm@dimlist=\toks23

(/usr/share/texmf-texlive/tex/xelatex/xetexconfig/geometry.cfg))
(/usr/share/texmf-texlive/tex/latex/algorithms/algorithm.sty
Package: algorithm 

Document Style `algorithm' - floating environment
(/usr/share/texmf-texlive/tex/latex/float/float.sty
Package: float 2001/11/08 v1.3d Float enhancements (AL)
\c@float@type=\count106
\float@exts=\toks24
\float@box=\box29
\@float@everytoks=\toks25
\@floatcapt=\box30
)
(/usr/share/texmf-texlive/tex/latex/base/ifthen.sty
Package: ifthen 2001/05/26 v1.1c Standard LaTeX ifthen package (DPC)
)
\@float@every@algorithm=\toks26
\c@algorithm=\count107
)
(/usr/share/texmf-texlive/tex/latex/algorithms/algorithmic.sty
Package: algorithmic 2006/06/02

Document Style `algorithmic' - environment
(/usr/share/texmf-texlive/tex/latex/tools/calc.sty
Package: calc 2005/08/06 v4.2 Infix arithmetic (KKT,FJ)
\calc@Acount=\count108
\calc@Bcount=\count109
\calc@Adimen=\dimen125
\calc@Bdimen=\dimen126
\calc@Askip=\skip48
\calc@Bskip=\skip49
LaTeX Info: Redefining \setlength on input line 75.
LaTeX Info: Redefining \addtolength on input line 76.
\calc@Ccount=\count110
\calc@Cskip=\skip50
)
\c@ALC@line=\count111
\c@ALC@rem=\count112
\c@ALC@depth=\count113
\ALC@tlm=\skip51
\algorithmicindent=\skip52
)
(/usr/share/texmf-texlive/tex/latex/hyperref/hyperref.sty
Package: hyperref 2007/02/07 v6.75r Hypertext links for LaTeX
\@linkdim=\dimen127
\Hy@linkcounter=\count114
\Hy@pagecounter=\count115

(/usr/share/texmf-texlive/tex/latex/hyperref/pd1enc.def
File: pd1enc.def 2007/02/07 v6.75r Hyperref: PDFDocEncoding definition (HO)
Now handling font encoding PD1 ...
... no UTF-8 mapping file for font encoding PD1
)
(/etc/texmf/tex/latex/config/hyperref.cfg
File: hyperref.cfg 2002/06/06 v1.2 hyperref configuration of TeXLive
)
(/usr/share/texmf-texlive/tex/latex/oberdiek/kvoptions.sty
Package: kvoptions 2006/08/22 v2.4 Connects package keyval with LaTeX options (
HO)
)
Package hyperref Info: Option `bookmarks' set `true' on input line 2238.
Package hyperref Info: Option `colorlinks' set `true' on input line 2238.
Package hyperref Info: Hyper figures OFF on input line 2288.
Package hyperref Info: Link nesting OFF on input line 2293.
Package hyperref Info: Hyper index ON on input line 2296.
Package hyperref Info: Plain pages OFF on input line 2303.
Package hyperref Info: Backreferencing OFF on input line 2308.

Implicit mode ON; LaTeX internals redefined
Package hyperref Info: Bookmarks ON on input line 2444.
(/usr/share/texmf-texlive/tex/latex/ltxmisc/url.sty
\Urlmuskip=\muskip11
Package: url 2005/06/27  ver 3.2  Verb mode for urls, etc.
)
LaTeX Info: Redefining \url on input line 2599.
\Fld@menulength=\count116
\Field@Width=\dimen128
\Fld@charsize=\dimen129
\Choice@toks=\toks27
\Field@toks=\toks28
Package hyperref Info: Hyper figures OFF on input line 3102.
Package hyperref Info: Link nesting OFF on input line 3107.
Package hyperref Info: Hyper index ON on input line 3110.
Package hyperref Info: backreferencing OFF on input line 3117.
Package hyperref Info: Link coloring ON on input line 3120.
\Hy@abspage=\count117
\c@Item=\count118
\c@Hfootnote=\count119
)
*hyperref using driver hpdftex*
(/usr/share/texmf-texlive/tex/latex/hyperref/hpdftex.def
File: hpdftex.def 2007/02/07 v6.75r Hyperref driver for pdfTeX
\Fld@listcount=\count120
)
Package hyperref Info: Option `colorlinks' set `true' on input line 22.
 (./rapport.aux

LaTeX Warning: Label `algo_naimi_trehel_amelioration_recpt_AYA' multiply define
d.

)
\openout1 = `rapport.aux'.

LaTeX Font Info:    Checking defaults for OML/cmm/m/it on input line 36.
LaTeX Font Info:    ... okay on input line 36.
LaTeX Font Info:    Checking defaults for T1/lmr/m/n on input line 36.
LaTeX Font Info:    Try loading font information for T1+lmr on input line 36.
 (/usr/share/texmf/tex/latex/lm/t1lmr.fd
File: t1lmr.fd 2007/01/14 v1.3 Font defs for Latin Modern
)
LaTeX Font Info:    ... okay on input line 36.
LaTeX Font Info:    Checking defaults for OT1/cmr/m/n on input line 36.
LaTeX Font Info:    ... okay on input line 36.
LaTeX Font Info:    Checking defaults for OMS/cmsy/m/n on input line 36.
LaTeX Font Info:    ... okay on input line 36.
LaTeX Font Info:    Checking defaults for OMX/cmex/m/n on input line 36.
LaTeX Font Info:    ... okay on input line 36.
LaTeX Font Info:    Checking defaults for U/cmr/m/n on input line 36.
LaTeX Font Info:    ... okay on input line 36.
LaTeX Font Info:    Checking defaults for PD1/pdf/m/n on input line 36.
LaTeX Font Info:    ... okay on input line 36.
LaTeX Info: Redefining \dots on input line 36.

(/usr/share/texmf/tex/context/base/supp-pdf.tex
[Loading MPS to PDF converter (version 2006.09.02).]
\scratchcounter=\count121
\scratchdimen=\dimen130
\scratchbox=\box31
\nofMPsegments=\count122
\nofMParguments=\count123
\everyMPshowfont=\toks29
\MPscratchCnt=\count124
\MPscratchDim=\dimen131
\MPnumerator=\count125
\everyMPtoPDFconversion=\toks30
)
-------------------- Geometry parameters
paper: a4paper
landscape: --
twocolumn: --
twoside: --
asymmetric: --
h-parts: 71.13188pt, 455.24411pt, 71.13188pt
v-parts: 85.35826pt, 674.33032pt, 85.35826pt
hmarginratio: --
vmarginratio: --
lines: --
heightrounded: --
bindingoffset: 0.0pt
truedimen: --
includehead: --
includefoot: --
includemp: --
driver: pdftex
-------------------- Page layout dimensions and switches
\paperwidth  597.50787pt
\paperheight 845.04684pt
\textwidth  455.24411pt
\textheight 674.33032pt
\oddsidemargin  -1.1381pt
\evensidemargin -1.1381pt
\topmargin  -23.91173pt
\headheight 12.0pt
\headsep    25.0pt
\footskip   30.0pt
\marginparwidth 35.0pt
\marginparsep   10.0pt
\columnsep  10.0pt
\skip\footins  10.8pt plus 4.0pt minus 2.0pt
\hoffset 0.0pt
\voffset 0.0pt
\mag 1000

(1in=72.27pt, 1cm=28.45pt)
-----------------------
 (/usr/share/texmf-texlive/tex/latex/graphics/color.sty
Package: color 2005/11/14 v1.0j Standard LaTeX Color (DPC)

(/etc/texmf/tex/latex/config/color.cfg
File: color.cfg 2007/01/18 v1.5 color configuration of teTeX/TeXLive
)
Package color Info: Driver file: pdftex.def on input line 130.
)
Package hyperref Info: Link coloring ON on input line 36.

(/usr/share/texmf-texlive/tex/latex/hyperref/nameref.sty
Package: nameref 2006/12/27 v2.28 Cross-referencing by name of section

(/usr/share/texmf-texlive/tex/latex/oberdiek/refcount.sty
Package: refcount 2006/02/20 v3.0 Data extraction from references (HO)
)
\c@section@level=\count126
)
LaTeX Info: Redefining \ref on input line 36.
LaTeX Info: Redefining \pageref on input line 36.
 (./rapport.out)
(./rapport.out)
\@outlinefile=\write3
\openout3 = `rapport.out'.

LaTeX Font Info:    Try loading font information for U+msa on input line 39.
 (/usr/share/texmf-texlive/tex/latex/amsfonts/umsa.fd
File: umsa.fd 2002/01/19 v2.2g AMS font definitions
)
LaTeX Font Info:    Try loading font information for U+msb on input line 39.

(/usr/share/texmf-texlive/tex/latex/amsfonts/umsb.fd
File: umsb.fd 2002/01/19 v2.2g AMS font definitions
) (./intro.tex) [1

{/var/lib/texmf/fonts/map/pdftex/updmap/pdftex.map}]
Overfull \hbox (0.35431pt too wide) in paragraph at lines 64--65
[]\T1/cmr/m/n/12 Cette par-tie nous ser-vira ‡ ap-por-ter une ex-pli-ca-tion, a
vec nos propres mots et exemples,
 []

Package hyperref Info: bookmark level for unknown algorithm defaults to 0 on in
put line 87.
[2pdfTeX warning (ext4): destination with the same identifier (name{ALC@rem.1})
 has been already used, duplicate ignored
<to be read again> 
                   \endgroup \set@typeset@protect 
l.134 \newpage
              pdfTeX warning (ext4): destination with the same identifier (name
{algorithm.\\theHalgorithm\040}) has been already used, duplicate ignored
<to be read again> 
                   \endgroup \set@typeset@protect 
l.134 \newpage
              pdfTeX warning (ext4): destination with the same identifier (name
{ALC@rem.1}) has been already used, duplicate ignored
<to be read again> 
                   \endgroup \set@typeset@protect 
l.134 \newpage
              pdfTeX warning (ext4): destination with the same identifier (name
{ALC@line.1}) has been already used, duplicate ignored
<to be read again> 
                   \endgroup \set@typeset@protect 
l.134 \newpage
              ] [3pdfTeX warning (ext4): destination with the same identifier (
name{algorithm.\\theHalgorithm\040}) has been already used, duplicate ignored
<to be read again> 
                   \endgroup \set@typeset@protect 
l.154 
      pdfTeX warning (ext4): destination with the same identifier (name{ALC@rem
.1}) has been already used, duplicate ignored
<to be read again> 
                   \endgroup \set@typeset@protect 
l.154 
      pdfTeX warning (ext4): destination with the same identifier (name{ALC@lin
e.1}) has been already used, duplicate ignored
<to be read again> 
                   \endgroup \set@typeset@protect 
l.154 
      pdfTeX warning (ext4): destination with the same identifier (name{ALC@rem
.1}) has been already used, duplicate ignored
<to be read again> 
                   \endgroup \set@typeset@protect 
l.154 
      pdfTeX warning (ext4): destination with the same identifier (name{ALC@lin
e.2}) has been already used, duplicate ignored
<to be read again> 
                   \endgroup \set@typeset@protect 
l.154 
      pdfTeX warning (ext4): destination with the same identifier (name{ALC@rem
.1}) has been already used, duplicate ignored
<to be read again> 
                   \endgroup \set@typeset@protect 
l.154 
      pdfTeX warning (ext4): destination with the same identifier (name{ALC@rem
.1}) has been already used, duplicate ignored
<to be read again> 
                   \endgroup \set@typeset@protect 
l.154 
      pdfTeX warning (ext4): destination with the same identifier (name{ALC@rem
.1}) has been already used, duplicate ignored
<to be read again> 
                   \endgroup \set@typeset@protect 
l.154 
      pdfTeX warning (ext4): destination with the same identifier (name{ALC@rem
.1}) has been already used, duplicate ignored
<to be read again> 
                   \endgroup \set@typeset@protect 
l.154 
      pdfTeX warning (ext4): destination with the same identifier (name{ALC@rem
.1}) has been already used, duplicate ignored
<to be read again> 
                   \endgroup \set@typeset@protect 
l.154 
      pdfTeX warning (ext4): destination with the same identifier (name{ALC@rem
.1}) has been already used, duplicate ignored
<to be read again> 
                   \endgroup \set@typeset@protect 
l.154 
      pdfTeX warning (ext4): destination with the same identifier (name{ALC@rem
.1}) has been already used, duplicate ignored
<to be read again> 
                   \endgroup \set@typeset@protect 
l.154 
      pdfTeX warning (ext4): destination with the same identifier (name{algorit
hm.\\theHalgorithm\040}) has been already used, duplicate ignored
<to be read again> 
                   \endgroup \set@typeset@protect 
l.154 
      pdfTeX warning (ext4): destination with the same identifier (name{ALC@rem
.1}) has been already used, duplicate ignored
<to be read again> 
                   \endgroup \set@typeset@protect 
l.154 
      pdfTeX warning (ext4): destination with the same identifier (name{ALC@lin
e.1}) has been already used, duplicate ignored
<to be read again> 
                   \endgroup \set@typeset@protect 
l.154 
      pdfTeX warning (ext4): destination with the same identifier (name{ALC@rem
.1}) has been already used, duplicate ignored
<to be read again> 
                   \endgroup \set@typeset@protect 
l.154 
      pdfTeX warning (ext4): destination with the same identifier (name{ALC@lin
e.2}) has been already used, duplicate ignored
<to be read again> 
                   \endgroup \set@typeset@protect 
l.154 
      ]pdfTeX warning (ext4): destination with the same identifier (name{ALC@re
m.1}) has been already used, duplicate ignored
<to be read again> 
                   \relax 
l.164 \STATE
             envoyer($<$TOKEN\_REQUEST$>$) et armer le TimerpdfTeX warning (ext
4): destination with the same identifier (name{ALC@line.1}) has been already us
ed, duplicate ignored
<to be read again> 
                   \relax 
l.164 \STATE
             envoyer($<$TOKEN\_REQUEST$>$) et armer le TimerpdfTeX warning (ext
4): destination with the same identifier (name{ALC@rem.1}) has been already use
d, duplicate ignored
<to be read again> 
                   \relax 
l.165 \IF{fin du Timer $\land$ pas re√ßu le TOKEN}
                                                  pdfTeX warning (ext4): destin
ation with the same identifier (name{ALC@line.2}) has been already used, duplic
ate ignored
<to be read again> 
                   \relax 
l.165 \IF{fin du Timer $\land$ pas re√ßu le TOKEN}
                                                  pdfTeX warning (ext4): destin
ation with the same identifier (name{ALC@rem.1}) has been already used, duplica
te ignored
<to be read again> 
                   \relax 
l.166   \STATE
               broadcast($<$CONSULT$>$)pdfTeX warning (ext4): destination with 
the same identifier (name{ALC@line.3}) has been already used, duplicate ignored

<to be read again> 
                   \relax 
l.166   \STATE
               broadcast($<$CONSULT$>$)pdfTeX warning (ext4): destination with 
the same identifier (name{ALC@rem.1}) has been already used, duplicate ignored
<to be read again> 
                   \relax 
l.167 ...pas de r√©ponse au message $<$CONSULT$>$}
                                                  pdfTeX warning (ext4): destin
ation with the same identifier (name{ALC@line.4}) has been already used, duplic
ate ignored
<to be read again> 
                   \relax 
l.167 ...pas de r√©ponse au message $<$CONSULT$>$}
                                                  pdfTeX warning (ext4): destin
ation with the same identifier (name{ALC@rem.1}) has been already used, duplica
te ignored
<to be read again> 
                   \relax 
l.168     \STATE
                 broadcast($<$FAILURE$>$)pdfTeX warning (ext4): destination wit
h the same identifier (name{ALC@line.5}) has been already used, duplicate ignor
ed
<to be read again> 
                   \relax 
l.168     \STATE
                 broadcast($<$FAILURE$>$)pdfTeX warning (ext4): destination wit
h the same identifier (name{ALC@rem.1}) has been already used, duplicate ignore
d
<to be read again> 
                   \relax 
l.169     \IF{r√©ponse du possesseur du jeton}
                                              pdfTeX warning (ext4): destinatio
n with the same identifier (name{ALC@line.6}) has been already used, duplicate 
ignored
<to be read again> 
                   \relax 
l.169     \IF{r√©ponse du possesseur du jeton}
                                              pdfTeX warning (ext4): destinatio
n with the same identifier (name{ALC@rem.1}) has been already used, duplicate i
gnored
<to be read again> 
                   \relax 
l.170       \STATE
                   envoyer($<$TOKEN\_REQUEST$>$) au site qui a r√©pondupdfTeX w
arning (ext4): destination with the same identifier (name{ALC@line.7}) has been
 already used, duplicate ignored
<to be read again> 
                   \relax 
l.170       \STATE
                   envoyer($<$TOKEN\_REQUEST$>$) au site qui a r√©pondupdfTeX w
arning (ext4): destination with the same identifier (name{ALC@rem.1}) has been 
already used, duplicate ignored
<to be read again> 
                   \relax 
l.172       \STATE
                   broadcast($<$ELECTION$>$)pdfTeX warning (ext4): destination 
with the same identifier (name{ALC@line.8}) has been already used, duplicate ig
nored
<to be read again> 
                   \relax 
l.172       \STATE
                   broadcast($<$ELECTION$>$)pdfTeX warning (ext4): destination 
with the same identifier (name{ALC@rem.1}) has been already used, duplicate ign
ored
<to be read again> 
                   \relax 
l.172       \STATE
                   broadcast($<$ELECTION$>$)pdfTeX warning (ext4): destination 
with the same identifier (name{ALC@line.9}) has been already used, duplicate ig
nored
<to be read again> 
                   \relax 
l.172       \STATE
                   broadcast($<$ELECTION$>$)pdfTeX warning (ext4): destination 
with the same identifier (name{ALC@rem.1}) has been already used, duplicate ign
ored
<to be read again> 
                   \relax 
l.173 ...ne r√©ponse ou si je n'ai pas abandonn√©}
                                                  pdfTeX warning (ext4): destin
ation with the same identifier (name{ALC@rem.1}) has been already used, duplica
te ignored
<to be read again> 
                   \relax 
l.174 	\STATE
              r√©g√®neration du jetonpdfTeX warning (ext4): destination with th
e same identifier (name{ALC@rem.1}) has been already used, duplicate ignored
<to be read again> 
                   \relax 
l.175       \ENDIF
                  pdfTeX warning (ext4): destination with the same identifier (
name{ALC@rem.1}) has been already used, duplicate ignored
<to be read again> 
                   \relax 
l.176     \ENDIF
                pdfTeX warning (ext4): destination with the same identifier (na
me{ALC@rem.1}) has been already used, duplicate ignored
<to be read again> 
                   \relax 
l.177   \ENDIF
              pdfTeX warning (ext4): destination with the same identifier (name
{ALC@rem.1}) has been already used, duplicate ignored
<to be read again> 
                   \relax 
l.178 \ENDIF
            pdfTeX warning (ext4): destination with the same identifier (name{a
lgorithm.\\theHalgorithm\040}) has been already used, duplicate ignored
<to be read again> 
                   \relax 
l.180 \end{algorithm}
                     pdfTeX warning (ext4): destination with the same identifie
r (name{ALC@rem.1}) has been already used, duplicate ignored
<to be read again> 
                   \relax 
l.186 \IF{\next$_{i}$ $=$ i}
                            pdfTeX warning (ext4): destination with the same id
entifier (name{ALC@line.1}) has been already used, duplicate ignored
<to be read again> 
                   \relax 
l.186 \IF{\next$_{i}$ $=$ i}
                            pdfTeX warning (ext4): destination with the same id
entifier (name{ALC@rem.1}) has been already used, duplicate ignored
<to be read again> 
                   \relax 
l.187 \STATE
             envoyer($<$T\_MON\_NEXT$>$) √† emetteurpdfTeX warning (ext4): dest
ination with the same identifier (name{ALC@line.2}) has been already used, dupl
icate ignored
<to be read again> 
                   \relax 
l.187 \STATE
             envoyer($<$T\_MON\_NEXT$>$) √† emetteurpdfTeX warning (ext4): dest
ination with the same identifier (name{ALC@rem.1}) has been already used, dupli
cate ignored
<to be read again> 
                   \relax 
l.188 \ENDIF
            pdfTeX warning (ext4): destination with the same identifier (name{A
LC@line.3}) has been already used, duplicate ignored
<to be read again> 
                   \relax 
l.188 \ENDIF
            pdfTeX warning (ext4): destination with the same identifier (name{a
lgorithm.\\theHalgorithm\040}) has been already used, duplicate ignored
<to be read again> 
                   \relax 
l.190 \end{algorithm}
                     pdfTeX warning (ext4): destination with the same identifie
r (name{ALC@rem.1}) has been already used, duplicate ignored
<to be read again> 
                   \relax 
l.196 \IF{j'ai le jeton}
                        pdfTeX warning (ext4): destination with the same identi
fier (name{ALC@line.1}) has been already used, duplicate ignored
<to be read again> 
                   \relax 
l.196 \IF{j'ai le jeton}
                        pdfTeX warning (ext4): destination with the same identi
fier (name{ALC@rem.1}) has been already used, duplicate ignored
<to be read again> 
                   \relax 
l.197 \STATE
             envoyer($<$J\_AI\_JETON$>$) √† emetteurpdfTeX warning (ext4): dest
ination with the same identifier (name{ALC@line.2}) has been already used, dupl
icate ignored
<to be read again> 
                   \relax 
l.197 \STATE
             envoyer($<$J\_AI\_JETON$>$) √† emetteurpdfTeX warning (ext4): dest
ination with the same identifier (name{ALC@rem.1}) has been already used, dupli
cate ignored
<to be read again> 
                   \relax 
l.198 \ENDIF
            pdfTeX warning (ext4): destination with the same identifier (name{A
LC@line.3}) has been already used, duplicate ignored
<to be read again> 
                   \relax 
l.198 \ENDIF
            pdfTeX warning (ext4): destination with the same identifier (name{a
lgorithm.\\theHalgorithm\040}) has been already used, duplicate ignored
<to be read again> 
                   \relax 
l.200 \end{algorithm}
                     pdfTeX warning (ext4): destination with the same identifie
r (name{ALC@rem.1}) has been already used, duplicate ignored
<to be read again> 
                   \relax 
l.206 ...je cherche d√©ja √† r√©g√®nerer le jeton}
                                                  pdfTeX warning (ext4): destin
ation with the same identifier (name{ALC@line.1}) has been already used, duplic
ate ignored
<to be read again> 
                   \relax 
l.206 ...je cherche d√©ja √† r√©g√®nerer le jeton}
                                                  pdfTeX warning (ext4): destin
ation with the same identifier (name{ALC@rem.1}) has been already used, duplica
te ignored
<to be read again> 
                   \relax 
l.207 ...tifiant$_{i}$ > identidiant$_{emetteur}$}
                                                  pdfTeX warning (ext4): destin
ation with the same identifier (name{ALC@line.2}) has been already used, duplic
ate ignored
<to be read again> 
                   \relax 
l.207 ...tifiant$_{i}$ > identidiant$_{emetteur}$}
                                                  pdfTeX warning (ext4): destin
ation with the same identifier (name{ALC@rem.1}) has been already used, duplica
te ignored
<to be read again> 
                   \relax 
l.208   \STATE
               abandon de la proc√©dure de r√©g√®nerationpdfTeX warning (ext4):
 destination with the same identifier (name{ALC@line.3}) has been already used,
 duplicate ignored
<to be read again> 
                   \relax 
l.208   \STATE
               abandon de la proc√©dure de r√©g√®nerationpdfTeX warning (ext4):
 destination with the same identifier (name{ALC@rem.1}) has been already used, 
duplicate ignored
<to be read again> 
                   \relax 
l.209   \ENDIF
              pdfTeX warning (ext4): destination with the same identifier (name
{ALC@line.4}) has been already used, duplicate ignored
<to be read again> 
                   \relax 
l.209   \ENDIF
              pdfTeX warning (ext4): destination with the same identifier (name
{ALC@rem.1}) has been already used, duplicate ignored
<to be read again> 
                   \relax 
l.210 \ENDIF
            pdfTeX warning (ext4): destination with the same identifier (name{A
LC@line.5}) has been already used, duplicate ignored
<to be read again> 
                   \relax 
l.210 \ENDIF
            pdfTeX warning (ext4): destination with the same identifier (name{a
lgorithm.\\theHalgorithm\040}) has been already used, duplicate ignored
<to be read again> 
                   \relax 
l.212 \end{algorithm}
                      (./extension1.tex) [4] [5]
Overfull \hbox (129.18962pt too wide) in paragraph at lines 249--250
[]\T1/cmr/m/n/12 Les sites sus-pec-tant une panne en-voient en broad-cast un me
s-sage $\OML/cmm/m/it/12 <$\T1/cmr/m/n/12 SEARCH_QUEUE,nombreSectionCritique$\O
ML/cmm/m/it/12 >$
 []

pdfTeX warning (ext4): destination with the same identifier (name{ALC@rem.1}) h
as been already used, duplicate ignored
<to be read again> 
                   \relax 
l.267 \IF {\last$_{i}$ $\ne$ i}
                               pdfTeX warning (ext4): destination with the same
 identifier (name{ALC@line.1}) has been already used, duplicate ignored
<to be read again> 
                   \relax 
l.267 \IF {\last$_{i}$ $\ne$ i}
                               pdfTeX warning (ext4): destination with the same
 identifier (name{ALC@rem.1}) has been already used, duplicate ignored
<to be read again> 
                   \relax 
l.268   \STATE
               envoyer($<$TOKEN\_REQUEST, j$>$) √† \lastpdfTeX warning (ext4): 
destination with the same identifier (name{ALC@line.2}) has been already used, 
duplicate ignored
<to be read again> 
                   \relax 
l.268   \STATE
               envoyer($<$TOKEN\_REQUEST, j$>$) √† \lastpdfTeX warning (ext4): 
destination with the same identifier (name{ALC@rem.1}) has been already used, d
uplicate ignored
<to be read again> 
                   \relax 
l.269   \STATE
               \last = jpdfTeX warning (ext4): destination with the same identi
fier (name{ALC@line.3}) has been already used, duplicate ignored
<to be read again> 
                   \relax 
l.269   \STATE
               \last = jpdfTeX warning (ext4): destination with the same identi
fier (name{ALC@rem.1}) has been already used, duplicate ignored
<to be read again> 
                   \relax 
l.270   \STATE
               \next = $\emptyset$pdfTeX warning (ext4): destination with the s
ame identifier (name{ALC@line.4}) has been already used, duplicate ignored
<to be read again> 
                   \relax 
l.270   \STATE
               \next = $\emptyset$pdfTeX warning (ext4): destination with the s
ame identifier (name{ALC@rem.1}) has been already used, duplicate ignored
<to be read again> 
                   \relax 
l.271   \STATE
               position$_{i}$ = $\emptyset$pdfTeX warning (ext4): destination w
ith the same identifier (name{ALC@line.5}) has been already used, duplicate ign
ored
<to be read again> 
                   \relax 
l.271   \STATE
               position$_{i}$ = $\emptyset$pdfTeX warning (ext4): destination w
ith the same identifier (name{ALC@rem.1}) has been already used, duplicate igno
red
<to be read again> 
                   \relax 
l.273 \STATE
             \next = jpdfTeX warning (ext4): destination with the same identifi
er (name{ALC@line.6}) has been already used, duplicate ignored
<to be read again> 
                   \relax 
l.273 \STATE
             \next = jpdfTeX warning (ext4): destination with the same identifi
er (name{ALC@rem.1}) has been already used, duplicate ignored
<to be read again> 
                   \relax 
l.273 \STATE
             \next = jpdfTeX warning (ext4): destination with the same identifi
er (name{ALC@line.7}) has been already used, duplicate ignored
<to be read again> 
                   \relax 
l.273 \STATE
             \next = jpdfTeX warning (ext4): destination with the same identifi
er (name{ALC@rem.1}) has been already used, duplicate ignored
<to be read again> 
                   \relax 
l.274 \STATE
             \last = jpdfTeX warning (ext4): destination with the same identifi
er (name{ALC@line.8}) has been already used, duplicate ignored
<to be read again> 
                   \relax 
l.274 \STATE
             \last = jpdfTeX warning (ext4): destination with the same identifi
er (name{ALC@rem.1}) has been already used, duplicate ignored
<to be read again> 
                   \relax 
l.275 \STATE
             envoyer($<$COMMIT, liste\_pred$_{i}$, position$_{i}$+1$>$) √† \...
pdfTeX warning (ext4): destination with the same identifier (name{ALC@line.9}) 
has been already used, duplicate ignored
<to be read again> 
                   \relax 
l.275 \STATE
             envoyer($<$COMMIT, liste\_pred$_{i}$, position$_{i}$+1$>$) √† \...
pdfTeX warning (ext4): destination with the same identifier (name{ALC@rem.1}) h
as been already used, duplicate ignored
<to be read again> 
                   \relax 
l.276 \ENDIF
            pdfTeX warning (ext4): destination with the same identifier (name{A
LC@line.10}) has been already used, duplicate ignored
<to be read again> 
                   \relax 
l.276 \ENDIF
            pdfTeX warning (ext4): destination with the same identifier (name{a
lgorithm.\\theHalgorithm\040}) has been already used, duplicate ignored
<to be read again> 
                   \relax 
l.278 \end{algorithm}
                     \subsection{L'algorithme de \nt sur des exemples}pdfTeX wa
rning (ext4): destination with the same identifier (name{ALC@rem.1}) has been a
lready used, duplicate ignored
<to be read again> 
                   \relax 
l.288 \STATE
             liste\_pred$_{i}$ = $\emptyset$pdfTeX warning (ext4): destination 
with the same identifier (name{ALC@line.1}) has been already used, duplicate ig
nored
<to be read again> 
                   \relax 
l.288 \STATE
             liste\_pred$_{i}$ = $\emptyset$pdfTeX warning (ext4): destination 
with the same identifier (name{ALC@rem.1}) has been already used, duplicate ign
ored
<to be read again> 
                   \relax 
l.289 \STATE
             avoir\_jeton = vraipdfTeX warning (ext4): destination with the sam
e identifier (name{ALC@line.2}) has been already used, duplicate ignored
<to be read again> 
                   \relax 
l.289 \STATE
             avoir\_jeton = vraipdfTeX warning (ext4): destination with the sam
e identifier (name{ALC@rem.1}) has been already used, duplicate ignored
<to be read again> 
                   \relax 
l.290 \STATE
             position$_{i}$ = 0pdfTeX warning (ext4): destination with the same
 identifier (name{ALC@line.3}) has been already used, duplicate ignored
<to be read again> 
                   \relax 
l.290 \STATE
             position$_{i}$ = 0pdfTeX warning (ext4): destination with the same
 identifier (name{algorithm.\\theHalgorithm\040}) has been already used, duplic
ate ignored
<to be read again> 
                   \relax 
l.292 \end{algorithm}
                     \subsection{L'algorithme de \nt sur des exemples}pdfTeX wa
rning (ext4): destination with the same identifier (name{ALC@rem.1}) has been a
lready used, duplicate ignored
<to be read again> 
                   \relax 
l.299 \STATE
             liste\_pred$_{i}$ = liste\_predpdfTeX warning (ext4): destination 
with the same identifier (name{ALC@line.1}) has been already used, duplicate ig
nored
<to be read again> 
                   \relax 
l.299 \STATE
             liste\_pred$_{i}$ = liste\_predpdfTeX warning (ext4): destination 
with the same identifier (name{ALC@rem.1}) has been already used, duplicate ign
ored
<to be read again> 
                   \relax 
l.300 \STATE
             position$_{i}$ = positionpdfTeX warning (ext4): destination with t
he same identifier (name{ALC@line.2}) has been already used, duplicate ignored
<to be read again> 
                   \relax 
l.300 \STATE
             position$_{i}$ = positionpdfTeX warning (ext4): destination with t
he same identifier (name{algorithm.\\theHalgorithm\040}) has been already used,
 duplicate ignored
<to be read again> 
                   \relax 
l.302 \end{algorithm}
                     pdfTeX warning (ext4): destination with the same identifie
r (name{ALC@rem.1}) has been already used, duplicate ignored
<to be read again> 
                   \relax 
l.308 \STATE
             \next = jpdfTeX warning (ext4): destination with the same identifi
er (name{ALC@line.1}) has been already used, duplicate ignored
<to be read again> 
                   \relax 
l.308 \STATE
             \next = jpdfTeX warning (ext4): destination with the same identifi
er (name{ALC@rem.1}) has been already used, duplicate ignored
<to be read again> 
                   \relax 
l.309 \STATE
             envoyer($<$I\_AM\_ALIVE$>$) √† \nextpdfTeX warning (ext4): destina
tion with the same identifier (name{ALC@line.2}) has been already used, duplica
te ignored
<to be read again> 
                   \relax 
l.309 \STATE
             envoyer($<$I\_AM\_ALIVE$>$) √† \nextpdfTeX warning (ext4): destina
tion with the same identifier (name{algorithm.\\theHalgorithm\040}) has been al
ready used, duplicate ignored
<to be read again> 
                   \relax 
l.311 \end{algorithm}
                     pdfTeX warning (ext4): destination with the same identifie
r (name{ALC@rem.1}) has been already used, duplicate ignored
<to be read again> 
                   \relax 
l.318 \IF{position > position$_{i}$}
                                    pdfTeX warning (ext4): destination with the
 same identifier (name{ALC@line.1}) has been already used, duplicate ignored
<to be read again> 
                   \relax 
l.318 \IF{position > position$_{i}$}
                                    pdfTeX warning (ext4): destination with the
 same identifier (name{ALC@rem.1}) has been already used, duplicate ignored
<to be read again> 
                   \relax 
l.319   \STATE
               envoyer($<$POSITION, position$_{i}>$) √† jpdfTeX warning (ext4):
 destination with the same identifier (name{ALC@line.2}) has been already used,
 duplicate ignored
<to be read again> 
                   \relax 
l.319   \STATE
               envoyer($<$POSITION, position$_{i}>$) √† jpdfTeX warning (ext4):
 destination with the same identifier (name{ALC@rem.1}) has been already used, 
duplicate ignored
<to be read again> 
                   \relax 
l.320 \ENDIF
            pdfTeX warning (ext4): destination with the same identifier (name{A
LC@line.3}) has been already used, duplicate ignored
<to be read again> 
                   \relax 
l.320 \ENDIF
            pdfTeX warning (ext4): destination with the same identifier (name{a
lgorithm.\\theHalgorithm\040}) has been already used, duplicate ignored
<to be read again> 
                   \relax 
l.322 \end{algorithm}
                     pdfTeX warning (ext4): destination with the same identifie
r (name{ALC@rem.1}) has been already used, duplicate ignored
<to be read again> 
                   \relax 
l.329 \STATE
             \next = jpdfTeX warning (ext4): destination with the same identifi
er (name{ALC@line.1}) has been already used, duplicate ignored
<to be read again> 
                   \relax 
l.329 \STATE
             \next = jpdfTeX warning (ext4): destination with the same identifi
er (name{ALC@rem.1}) has been already used, duplicate ignored
<to be read again> 
                   \relax 
l.330 \STATE
             envoyer($<$COMMIT, liste\_pred$_{i}$, position$_{i}$+1$>$) √† \...
pdfTeX warning (ext4): destination with the same identifier (name{ALC@line.2}) 
has been already used, duplicate ignored
<to be read again> 
                   \relax 
l.330 \STATE
             envoyer($<$COMMIT, liste\_pred$_{i}$, position$_{i}$+1$>$) √† \...
pdfTeX warning (ext4): destination with the same identifier (name{algorithm.\\t
heHalgorithm\040}) has been already used, duplicate ignored
<to be read again> 
                   \relax 
l.332 \end{algorithm}
                     pdfTeX warning (ext4): destination with the same identifie
r (name{ALC@rem.1}) has been already used, duplicate ignored
<to be read again> 
                   \relax 
l.338 ... broadcast de $<$SEARCH\_QUEUE, nbSC$>$ }
                                                  pdfTeX warning (ext4): destin
ation with the same identifier (name{ALC@line.1}) has been already used, duplic
ate ignored
<to be read again> 
                   \relax 
l.338 ... broadcast de $<$SEARCH\_QUEUE, nbSC$>$ }
                                                  pdfTeX warning (ext4): destin
ation with the same identifier (name{ALC@rem.1}) has been already used, duplica
te ignored
<to be read again> 
                   \relax 
l.339   \STATE
               proc√©dure envoi TOKEN\_REQUESTpdfTeX warning (ext4): destinatio
n with the same identifier (name{ALC@line.2}) has been already used, duplicate 
ignored
<to be read again> 
                   \relax 
l.339   \STATE
               proc√©dure envoi TOKEN\_REQUESTpdfTeX warning (ext4): destinatio
n with the same identifier (name{ALC@rem.1}) has been already used, duplicate i
gnored
<to be read again> 
                   \relax 
l.341   \IF
            {position$_{i} \ne \emptyset$ }pdfTeX warning (ext4): destination w
ith the same identifier (name{ALC@line.3}) has been already used, duplicate ign
ored
<to be read again> 
                   \relax 
l.341   \IF
            {position$_{i} \ne \emptyset$ }pdfTeX warning (ext4): destination w
ith the same identifier (name{ALC@rem.1}) has been already used, duplicate igno
red
<to be read again> 
                   \relax 
l.341   \IF {position$_{i} \ne \emptyset$ }
                                           pdfTeX warning (ext4): destination w
ith the same identifier (name{ALC@line.4}) has been already used, duplicate ign
ored
<to be read again> 
                   \relax 
l.341   \IF {position$_{i} \ne \emptyset$ }
                                           pdfTeX warning (ext4): destination w
ith the same identifier (name{ALC@rem.1}) has been already used, duplicate igno
red
<to be read again> 
                   \relax 
l.342     \STATE
                 envoyer($<$ACK\_SEARCH\_QUEUE, position$_{i}$, avoirNext$>$...
pdfTeX warning (ext4): destination with the same identifier (name{ALC@line.5}) 
has been already used, duplicate ignored
<to be read again> 
                   \relax 
l.342     \STATE
                 envoyer($<$ACK\_SEARCH\_QUEUE, position$_{i}$, avoirNext$>$...
pdfTeX warning (ext4): destination with the same identifier (name{ALC@rem.1}) h
as been already used, duplicate ignored
<to be read again> 
                   \relax 
l.343   \ENDIF
              pdfTeX warning (ext4): destination with the same identifier (name
{ALC@line.6}) has been already used, duplicate ignored
<to be read again> 
                   \relax 
l.343   \ENDIF
              pdfTeX warning (ext4): destination with the same identifier (name
{ALC@rem.1}) has been already used, duplicate ignored
<to be read again> 
                   \relax 
l.344 \ENDIF
            pdfTeX warning (ext4): destination with the same identifier (name{A
LC@line.7}) has been already used, duplicate ignored
<to be read again> 
                   \relax 
l.344 \ENDIF
            pdfTeX warning (ext4): destination with the same identifier (name{a
lgorithm.\\theHalgorithm\040}) has been already used, duplicate ignored
<to be read again> 
                   \relax 
l.346 \end{algorithm}
                     pdfTeX warning (ext4): destination with the same identifie
r (name{ALC@rem.1}) has been already used, duplicate ignored
<to be read again> 
                   \relax 
l.353 \STATE
             envoyer($<$TOKEN\_REQUEST, i$>$) √† jpdfTeX warning (ext4): destin
ation with the same identifier (name{ALC@line.1}) has been already used, duplic
ate ignored
<to be read again> 
                   \relax 
l.353 \STATE
             envoyer($<$TOKEN\_REQUEST, i$>$) √† jpdfTeX warning (ext4): destin
ation with the same identifier (name{ALC@rem.1}) has been already used, duplica
te ignored
<to be read again> 
                   \relax 
l.354 \IF{j == \last}
                     pdfTeX warning (ext4): destination with the same identifie
r (name{ALC@line.2}) has been already used, duplicate ignored
<to be read again> 
                   \relax 
l.354 \IF{j == \last}
                     pdfTeX warning (ext4): destination with the same identifie
r (name{ALC@rem.1}) has been already used, duplicate ignored
<to be read again> 
                   \relax 
l.355   \STATE
               \last = ipdfTeX warning (ext4): destination with the same identi
fier (name{ALC@line.3}) has been already used, duplicate ignored
<to be read again> 
                   \relax 
l.355   \STATE
               \last = ipdfTeX warning (ext4): destination with the same identi
fier (name{ALC@rem.1}) has been already used, duplicate ignored
<to be read again> 
                   \relax 
l.356 \ENDIF
            pdfTeX warning (ext4): destination with the same identifier (name{A
LC@line.4}) has been already used, duplicate ignored
<to be read again> 
                   \relax 
l.356 \ENDIF
            pdfTeX warning (ext4): destination with the same identifier (name{A
LC@rem.1}) has been already used, duplicate ignored
<to be read again> 
                   \relax 
l.357 \STATE
             attendre $<$COMMIT$>$pdfTeX warning (ext4): destination with the s
ame identifier (name{ALC@line.5}) has been already used, duplicate ignored
<to be read again> 
                   \relax 
l.357 \STATE
             attendre $<$COMMIT$>$pdfTeX warning (ext4): destination with the s
ame identifier (name{ALC@rem.1}) has been already used, duplicate ignored
<to be read again> 
                   \relax 
l.358 \IF{i n'a pas re√ßu de $<$COMMIT$>$}
                                          pdfTeX warning (ext4): destination wi
th the same identifier (name{ALC@line.6}) has been already used, duplicate igno
red
<to be read again> 
                   \relax 
l.358 \IF{i n'a pas re√ßu de $<$COMMIT$>$}
                                          pdfTeX warning (ext4): destination wi
th the same identifier (name{ALC@rem.1}) has been already used, duplicate ignor
ed
<to be read again> 
                   \relax 
l.359   \STATE
               M√©canisme 3pdfTeX warning (ext4): destination with the same ide
ntifier (name{ALC@line.7}) has been already used, duplicate ignored
<to be read again> 
                   \relax 
l.359   \STATE
               M√©canisme 3pdfTeX warning (ext4): destination with the same ide
ntifier (name{ALC@rem.1}) has been already used, duplicate ignored
<to be read again> 
                   \relax 
l.361   \STATE
               envoyer($<$ARE\_YOU\_ALIVE$>$) au dernier pr√©decesseur de ipdfT
eX warning (ext4): destination with the same identifier (name{ALC@line.8}) has 
been already used, duplicate ignored
<to be read again> 
                   \relax 
l.361   \STATE
               envoyer($<$ARE\_YOU\_ALIVE$>$) au dernier pr√©decesseur de ipdfT
eX warning (ext4): destination with the same identifier (name{ALC@rem.1}) has b
een already used, duplicate ignored
<to be read again> 
                   \relax 
l.361   \STATE
               envoyer($<$ARE\_YOU\_ALIVE$>$) au dernier pr√©decesseur de ipdfT
eX warning (ext4): destination with the same identifier (name{ALC@line.9}) has 
been already used, duplicate ignored
<to be read again> 
                   \relax 
l.361   \STATE
               envoyer($<$ARE\_YOU\_ALIVE$>$) au dernier pr√©decesseur de ipdfT
eX warning (ext4): destination with the same identifier (name{ALC@rem.1}) has b
een already used, duplicate ignored
<to be read again> 
                   \relax 
l.362   \IF { si pas de r√©ponse}
                                 pdfTeX warning (ext4): destination with the sa
me identifier (name{ALC@line.10}) has been already used, duplicate ignored
<to be read again> 
                   \relax 
l.362   \IF { si pas de r√©ponse}
                                 pdfTeX warning (ext4): destination with the sa
me identifier (name{ALC@rem.1}) has been already used, duplicate ignored
<to be read again> 
                   \relax 
l.363     \STATE
                 on recommence pour les k-1 pr√©decesseurs de ipdfTeX warning (
ext4): destination with the same identifier (name{ALC@line.11}) has been alread
y used, duplicate ignored
<to be read again> 
                   \relax 
l.363     \STATE
                 on recommence pour les k-1 pr√©decesseurs de ipdfTeX warning (
ext4): destination with the same identifier (name{ALC@rem.1}) has been already 
used, duplicate ignored
<to be read again> 
                   \relax 
l.364   \ENDIF
              pdfTeX warning (ext4): destination with the same identifier (name
{ALC@line.12}) has been already used, duplicate ignored
<to be read again> 
                   \relax 
l.364   \ENDIF
              pdfTeX warning (ext4): destination with the same identifier (name
{ALC@rem.1}) has been already used, duplicate ignored
<to be read again> 
                   \relax 
l.365   \IF {si une r√©ponse}
                             pdfTeX warning (ext4): destination with the same i
dentifier (name{ALC@line.13}) has been already used, duplicate ignored
<to be read again> 
                   \relax 
l.365   \IF {si une r√©ponse}
                             pdfTeX warning (ext4): destination with the same i
dentifier (name{ALC@rem.1}) has been already used, duplicate ignored
<to be read again> 
                   \relax 
l.366     \STATE
                 envoyer($<$CONNEXION$>$) √† celui qui a r√©pondupdfTeX warning
 (ext4): destination with the same identifier (name{ALC@line.14}) has been alre
ady used, duplicate ignored
<to be read again> 
                   \relax 
l.366     \STATE
                 envoyer($<$CONNEXION$>$) √† celui qui a r√©pondupdfTeX warning
 (ext4): destination with the same identifier (name{ALC@rem.1}) has been alread
y used, duplicate ignored
<to be read again> 
                   \relax 
l.367     \STATE
                 recommencer √† l'envoi de $<$ARE\_YOU\_ALIVE$>$ pr√©cedentpdfT
eX warning (ext4): destination with the same identifier (name{ALC@line.15}) has
 been already used, duplicate ignored
<to be read again> 
                   \relax 
l.367     \STATE
                 recommencer √† l'envoi de $<$ARE\_YOU\_ALIVE$>$ pr√©cedentpdfT
eX warning (ext4): destination with the same identifier (name{ALC@rem.1}) has b
een already used, duplicate ignored
<to be read again> 
                   \relax 
l.369     \STATE
                 broadcast($<$SEARCH\_PREV, position$_{i}>$)pdfTeX warning (ext
4): destination with the same identifier (name{ALC@rem.1}) has been already use
d, duplicate ignored
<to be read again> 
                   \relax 
l.369     \STATE
                 broadcast($<$SEARCH\_PREV, position$_{i}>$)pdfTeX warning (ext
4): destination with the same identifier (name{ALC@rem.1}) has been already use
d, duplicate ignored
<to be read again> 
                   \relax 
l.370     \STATE
                 attendre($<$POSITION, position$>$)pdfTeX warning (ext4): desti
nation with the same identifier (name{ALC@rem.1}) has been already used, duplic
ate ignored
<to be read again> 
                   \relax 
l.371     \IF{i a re√ßu au moins une position}
                                              pdfTeX warning (ext4): destinatio
n with the same identifier (name{ALC@rem.1}) has been already used, duplicate i
gnored
<to be read again> 
                   \relax 
l.372       \STATE
                   envoyer($<$CONNEXION$>$) au site qui a la plus grande pos...
pdfTeX warning (ext4): destination with the same identifier (name{ALC@rem.1}) h
as been already used, duplicate ignored
<to be read again> 
                   \relax 
l.374       \STATE
                   avoir\_jeton = vraipdfTeX warning (ext4): destination with t
he same identifier (name{ALC@rem.1}) has been already used, duplicate ignored
<to be read again> 
                   \relax 
l.374       \STATE
                   avoir\_jeton = vraipdfTeX warning (ext4): destination with t
he same identifier (name{ALC@rem.1}) has been already used, duplicate ignored
<to be read again> 
                   \relax 
l.375       \STATE
                   liste\_pred$_{i}$ = $\emptyset$pdfTeX warning (ext4): destin
ation with the same identifier (name{ALC@rem.1}) has been already used, duplica
te ignored
<to be read again> 
                   \relax 
l.376       \STATE
                   position$_{i}$ = $\emptyset$pdfTeX warning (ext4): destinati
on with the same identifier (name{ALC@rem.1}) has been already used, duplicate 
ignored
<to be read again> 
                   \relax 
l.377     \ENDIF
                pdfTeX warning (ext4): destination with the same identifier (na
me{ALC@rem.1}) has been already used, duplicate ignored
<to be read again> 
                   \relax 
l.378   \ENDIF
              pdfTeX warning (ext4): destination with the same identifier (name
{ALC@rem.1}) has been already used, duplicate ignored
<to be read again> 
                   \relax 
l.379 \ENDIF
            pdfTeX warning (ext4): destination with the same identifier (name{a
lgorithm.\\theHalgorithm\040}) has been already used, duplicate ignored
<to be read again> 
                   \relax 
l.382 \end{algorithm}
                      [6] [7] [8] (./conclusion.tex) [9] [10] (./rapport.aux)

LaTeX Warning: There were multiply-defined labels.

 ) 
Here is how much of TeX's memory you used:
 5653 strings out of 95063
 72920 string characters out of 1182611
 145579 words of memory out of 1500000
 8661 multiletter control sequences out of 10000+50000
 17740 words of font info for 52 fonts, out of 1200000 for 2000
 28 hyphenation exceptions out of 8191
 27i,6n,29p,649b,810s stack positions out of 5000i,500n,6000p,200000b,5000s
 </home/fragma/.texmf-var/fonts/pk/ljfour/jknappen/ec/ecbx1440.600pk> </home/
fragma/.texmf-var/fonts/pk/ljfour/jknappen/ec/ecti1200.600pk> </home/fragma/.te
xmf-var/fonts/pk/ljfour/jknappen/ec/ecrm1000.600pk> </home/fragma/.texmf-var/fo
nts/pk/ljfour/jknappen/ec/ecbx1200.600pk> </home/fragma/.texmf-var/fonts/pk/ljf
our/jknappen/ec/ecrm1200.600pk> </home/fragma/.texmf-var/fonts/pk/ljfour/jknapp
en/ec/ecbx1728.600pk> </home/fragma/.texmf-var/fonts/pk/ljfour/jknappen/ec/ecrm
1440.600pk> </home/fragma/.texmf-var/fonts/pk/ljfour/jknappen/ec/ecrm2074.600pk
></usr/share/texmf-texlive/fonts/type1/bluesky/cm/cmmi12.pfb></usr/share/texmf-
texlive/fonts/type1/bluesky/cm/cmmi8.pfb></usr/share/texmf-texlive/fonts/type1/
bluesky/cm/cmr12.pfb></usr/share/texmf-texlive/fonts/type1/bluesky/cm/cmsy10.pf
b>
Output written on rapport.pdf (10 pages, 154401 bytes).
PDF statistics:
 518 PDF objects out of 1000 (max. 8388607)
 69 named destinations out of 1000 (max. 131072)
 193 words of extra memory for PDF output out of 10000 (max. 10000000)

